INFO 10/03/2014 03:57:04 PM: Using configuration file: ../etc/sm.cfg
INFO 10/03/2014 03:57:05 PM: CloudController Northbound API: http://cc.cloudcomplab.ch:8888
INFO 10/03/2014 03:57:06 PM: Service Manager running on interfaces, running on port: 8888
DEBUG 10/03/2014 04:02:40 PM: Ensuring SM SSH Key...
DEBUG 10/03/2014 04:02:47 PM: Valid SM SSH is registered with OpenShift.
DEBUG 10/03/2014 04:02:48 PM: Creating SO container...
DEBUG 10/03/2014 04:02:48 PM: Requesting container to execute SO Bundle: http://cc.cloudcomplab.ch:8888/app/
DEBUG 10/03/2014 04:03:03 PM: SO container created: /app/542eac6ae644d5221c0001ac
DEBUG 10/03/2014 04:03:04 PM: Updating OCCI entity.identifier from: /dss/eb4e957a-f511-4fab-b9d4-99c6acbf5193 to: /dss/542eac6ae644d5221c0001ac
DEBUG 10/03/2014 04:03:04 PM: Setting occi.core.id to: 542eac6ae644d5221c0001ac
DEBUG 10/03/2014 04:03:05 PM: SO container repository: ssh://542eac6ae644d5221c0001ac@dsssrvinstf1e96462b9d0a825-mcn.ops.cloudcomplab.ch/~/git/dsssrvinstf1e96462b9d0a825.git/
DEBUG 10/03/2014 04:03:05 PM: Deploying SO Bundle...
DEBUG 10/03/2014 04:03:05 PM: Cloning git repository: ssh://542eac6ae644d5221c0001ac@dsssrvinstf1e96462b9d0a825-mcn.ops.cloudcomplab.ch/~/git/dsssrvinstf1e96462b9d0a825.git/ to: /tmp/tmptn5KvG
DEBUG 10/03/2014 04:03:15 PM: Bundle to add to repo: /home/cloud/bartSM/mcn_sm/example/bundle
DEBUG 10/03/2014 04:03:15 PM: Adding OpenShift support files from: /home/cloud/bartSM/mcn_sm/example/bundle/support
INFO 10/03/2014 04:12:17 PM: Using configuration file: ../etc/sm.cfg
INFO 10/03/2014 04:12:19 PM: CloudController Northbound API: http://cc.cloudcomplab.ch:8888
INFO 10/03/2014 04:12:20 PM: Service Manager running on interfaces, running on port: 8888
DEBUG 10/03/2014 04:12:27 PM: Ensuring SM SSH Key...
DEBUG 10/03/2014 04:12:34 PM: Valid SM SSH is registered with OpenShift.
DEBUG 10/03/2014 04:12:35 PM: Creating SO container...
DEBUG 10/03/2014 04:12:35 PM: Requesting container to execute SO Bundle: http://cc.cloudcomplab.ch:8888/app/
DEBUG 10/03/2014 04:12:50 PM: SO container created: /app/542eaeb5e644d5ff9800001b
DEBUG 10/03/2014 04:12:51 PM: Updating OCCI entity.identifier from: /dss/46adebcc-149d-4e4c-bcaf-32d5a18cbc65 to: /dss/542eaeb5e644d5ff9800001b
DEBUG 10/03/2014 04:12:51 PM: Setting occi.core.id to: 542eaeb5e644d5ff9800001b
DEBUG 10/03/2014 04:12:52 PM: SO container repository: ssh://542eaeb5e644d5ff9800001b@dsssrvinst487c1a32c9916483-mcn.ops.cloudcomplab.ch/~/git/dsssrvinst487c1a32c9916483.git/
DEBUG 10/03/2014 04:12:52 PM: Deploying SO Bundle...
DEBUG 10/03/2014 04:12:52 PM: Cloning git repository: ssh://542eaeb5e644d5ff9800001b@dsssrvinst487c1a32c9916483-mcn.ops.cloudcomplab.ch/~/git/dsssrvinst487c1a32c9916483.git/ to: /tmp/tmpxS00ti
DEBUG 10/03/2014 04:13:01 PM: Bundle to add to repo: /home/cloud/bartSM/mcn_sm/example/bundle
DEBUG 10/03/2014 04:13:01 PM: Adding OpenShift support files from: /home/cloud/bartSM/mcn_sm/example/bundle/support
INFO 10/03/2014 04:27:12 PM: Using configuration file: ../etc/sm.cfg
INFO 10/03/2014 04:27:13 PM: CloudController Northbound API: http://cc.cloudcomplab.ch:8888
INFO 10/03/2014 04:27:14 PM: Service Manager running on interfaces, running on port: 8888
DEBUG 10/03/2014 04:27:19 PM: Ensuring SM SSH Key...
DEBUG 10/03/2014 04:27:26 PM: Valid SM SSH is registered with OpenShift.
DEBUG 10/03/2014 04:27:27 PM: Creating SO container...
DEBUG 10/03/2014 04:27:27 PM: Requesting container to execute SO Bundle: http://cc.cloudcomplab.ch:8888/app/
DEBUG 10/03/2014 04:27:42 PM: SO container created: /app/542eb232e644d5ff9800002f
DEBUG 10/03/2014 04:27:43 PM: Updating OCCI entity.identifier from: /dss/8e3909c0-1bb9-4225-9ee1-ba97ccf16dee to: /dss/542eb232e644d5ff9800002f
DEBUG 10/03/2014 04:27:43 PM: Setting occi.core.id to: 542eb232e644d5ff9800002f
DEBUG 10/03/2014 04:27:44 PM: SO container repository: ssh://542eb232e644d5ff9800002f@dsssrvinst2d37d3628d0b5376-mcn.ops.cloudcomplab.ch/~/git/dsssrvinst2d37d3628d0b5376.git/
DEBUG 10/03/2014 04:27:44 PM: Deploying SO Bundle...
DEBUG 10/03/2014 04:27:44 PM: Cloning git repository: ssh://542eb232e644d5ff9800002f@dsssrvinst2d37d3628d0b5376-mcn.ops.cloudcomplab.ch/~/git/dsssrvinst2d37d3628d0b5376.git/ to: /tmp/tmpge_6nY
DEBUG 10/03/2014 04:29:57 PM: Bundle to add to repo: /home/cloud/bartSM/mcn_sm/example/bundle
DEBUG 10/03/2014 04:29:58 PM: Adding OpenShift support files from: /home/cloud/bartSM/mcn_sm/example/bundle/support
INFO 10/03/2014 04:32:53 PM: Using configuration file: ../etc/sm.cfg
INFO 10/03/2014 04:32:55 PM: CloudController Northbound API: http://cc.cloudcomplab.ch:8888
INFO 10/03/2014 04:32:56 PM: Service Manager running on interfaces, running on port: 8888
DEBUG 10/03/2014 04:33:01 PM: Ensuring SM SSH Key...
DEBUG 10/03/2014 04:33:08 PM: Valid SM SSH is registered with OpenShift.
DEBUG 10/03/2014 04:33:09 PM: Creating SO container...
DEBUG 10/03/2014 04:33:09 PM: Requesting container to execute SO Bundle: http://cc.cloudcomplab.ch:8888/app/
DEBUG 10/03/2014 04:33:24 PM: SO container created: /app/542eb387e644d5221c0001e2
DEBUG 10/03/2014 04:33:25 PM: Updating OCCI entity.identifier from: /dss/5214a46f-20ab-4e28-9b2f-899261f31c7c to: /dss/542eb387e644d5221c0001e2
DEBUG 10/03/2014 04:33:25 PM: Setting occi.core.id to: 542eb387e644d5221c0001e2
DEBUG 10/03/2014 04:33:26 PM: SO container repository: ssh://542eb387e644d5221c0001e2@dsssrvinstf877dfd119261ec5-mcn.ops.cloudcomplab.ch/~/git/dsssrvinstf877dfd119261ec5.git/
DEBUG 10/03/2014 04:33:26 PM: Deploying SO Bundle...
DEBUG 10/03/2014 04:33:26 PM: Cloning git repository: ssh://542eb387e644d5221c0001e2@dsssrvinstf877dfd119261ec5-mcn.ops.cloudcomplab.ch/~/git/dsssrvinstf877dfd119261ec5.git/ to: /tmp/tmpeqk0a1
DEBUG 10/03/2014 04:33:37 PM: Bundle to add to repo: /home/cloud/bartSM/mcn_sm/example/bundle
DEBUG 10/03/2014 04:33:37 PM: Adding OpenShift support files from: /home/cloud/bartSM/mcn_sm/example/bundle/support
INFO 10/03/2014 04:36:06 PM: Using configuration file: ../etc/sm.cfg
INFO 10/03/2014 04:36:07 PM: CloudController Northbound API: http://cc.cloudcomplab.ch:8888
INFO 10/03/2014 04:36:08 PM: Service Manager running on interfaces, running on port: 8888
DEBUG 10/03/2014 04:36:58 PM: Ensuring SM SSH Key...
DEBUG 10/03/2014 04:37:05 PM: Valid SM SSH is registered with OpenShift.
DEBUG 10/03/2014 04:37:06 PM: Creating SO container...
DEBUG 10/03/2014 04:37:06 PM: Requesting container to execute SO Bundle: http://cc.cloudcomplab.ch:8888/app/
DEBUG 10/03/2014 04:37:21 PM: SO container created: /app/542eb474e644d5ff9800008c
DEBUG 10/03/2014 04:37:22 PM: Updating OCCI entity.identifier from: /dss/b9d22abd-8562-4149-aeca-d6b8a9e4f6b8 to: /dss/542eb474e644d5ff9800008c
DEBUG 10/03/2014 04:37:22 PM: Setting occi.core.id to: 542eb474e644d5ff9800008c
DEBUG 10/03/2014 04:37:23 PM: SO container repository: ssh://542eb474e644d5ff9800008c@dsssrvinsta4e236e6b5865410-mcn.ops.cloudcomplab.ch/~/git/dsssrvinsta4e236e6b5865410.git/
DEBUG 10/03/2014 04:37:23 PM: Deploying SO Bundle...
DEBUG 10/03/2014 04:37:23 PM: Cloning git repository: ssh://542eb474e644d5ff9800008c@dsssrvinsta4e236e6b5865410-mcn.ops.cloudcomplab.ch/~/git/dsssrvinsta4e236e6b5865410.git/ to: /tmp/tmpDW3Rhm
DEBUG 10/03/2014 04:37:29 PM: Bundle to add to repo: /home/cloud/bartSM/mcn_sm/example/bundle
DEBUG 10/03/2014 04:37:29 PM: Adding OpenShift support files from: /home/cloud/bartSM/mcn_sm/example/bundle/support
DEBUG 10/03/2014 04:37:29 PM: Pushing new code to remote repository...
DEBUG 10/03/2014 04:39:20 PM: Initialising the SO...
DEBUG 10/03/2014 04:39:22 PM: Initialising SO with: http://dsssrvinsta4e236e6b5865410-mcn.ops.cloudcomplab.ch/orchestrator/default?action=init
DEBUG 10/03/2014 04:39:23 PM: Deploying the SO bundle...
DEBUG 10/03/2014 04:39:23 PM: Deploying SO with: http://dsssrvinsta4e236e6b5865410-mcn.ops.cloudcomplab.ch/orchestrator/default?action=deploy
DEBUG 10/03/2014 04:39:25 PM: Heat stack id of service instance: 
Category: orchestrator; scheme="http://schemas.mobile-cloud-networking.eu/occi/service#"; class="kind"; rel="http://schemas.ogf.org/occi/core#resource"; location="http://dsssrvinsta4e236e6b5865410-mcn.ops.cloudcomplab.ch/orchestrator/"; attributes="occi.mcn.stack.state{immutable} occi.mcn.stack.id{immutable}"; actions="http://schemas.mobile-cloud-networking.eu/occi/service#init http://schemas.mobile-cloud-networking.eu/occi/service#deploy http://schemas.mobile-cloud-networking.eu/occi/service#provision"
Link: </orchestrator/default?action=provision>; rel="http://schemas.mobile-cloud-networking.eu/occi/service#provision"
X-OCCI-Attribute: occi.core.id="/orchestrator/default"
